#
# There is insufficient memory for the Java Runtime Environment to continue.
# Native memory allocation (malloc) failed to allocate 338976 bytes for Chunk::new
# Possible reasons:
#   The system is out of physical RAM or swap space
#   In 32 bit mode, the process size limit was hit
# Possible solutions:
#   Reduce memory load on the system
#   Increase physical memory or swap space
#   Check if swap backing store is full
#   Use 64 bit Java on a 64 bit OS
#   Decrease Java heap size (-Xmx/-Xms)
#   Decrease number of Java threads
#   Decrease Java thread stack sizes (-Xss)
#   Set larger code cache with -XX:ReservedCodeCacheSize=
# This output file may be truncated or incomplete.
#
#  Out of Memory Error (allocation.cpp:390), pid=16916, tid=0x0000000000004498
#
# JRE version: Java(TM) SE Runtime Environment (8.0_191-b12) (build 1.8.0_191-b12)
# Java VM: Java HotSpot(TM) 64-Bit Server VM (25.191-b12 mixed mode windows-amd64 compressed oops)
# Failed to write core dump. Minidumps are not enabled by default on client versions of Windows
#

---------------  T H R E A D  ---------------

Current thread (0x0000000019ad7000):  JavaThread "C2 CompilerThread0" daemon [_thread_in_native, id=17560, stack(0x000000001b210000,0x000000001b310000)]

Stack: [0x000000001b210000,0x000000001b310000]
[error occurred during error reporting (printing stack bounds), id 0xc0000005]

Native frames: (J=compiled Java code, j=interpreted, Vv=VM code, C=native code)


Current CompileTask:
C2:  14780 1804   !   4       sun.java2d.pipe.AAShapePipe::renderTiles (349 bytes)


---------------  P R O C E S S  ---------------

Java Threads: ( => current thread )
  0x000000001e536800 JavaThread "Image Fetcher 0" daemon [_thread_blocked, id=2212, stack(0x000000001fa70000,0x000000001fb70000)]
  0x000000001b867800 JavaThread "TimerQueue" daemon [_thread_blocked, id=18808, stack(0x000000001f970000,0x000000001fa70000)]
  0x000000001beaa800 JavaThread "Thread-1" [_thread_blocked, id=14520, stack(0x000000001d360000,0x000000001d460000)]
  0x0000000004ee2800 JavaThread "DestroyJavaVM" [_thread_blocked, id=6908, stack(0x0000000004de0000,0x0000000004ee0000)]
  0x000000001bde5000 JavaThread "AWT-EventQueue-0" [_thread_blocked, id=16040, stack(0x000000001c750000,0x000000001c850000)]
  0x000000001bc96800 JavaThread "AWT-Windows" daemon [_thread_in_native, id=16928, stack(0x000000001c650000,0x000000001c750000)]
  0x000000001b8d7800 JavaThread "AWT-Shutdown" [_thread_blocked, id=19636, stack(0x000000001c550000,0x000000001c650000)]
  0x000000001b8d6800 JavaThread "Java2D Disposer" daemon [_thread_blocked, id=20484, stack(0x000000001c450000,0x000000001c550000)]
  0x0000000019b2d800 JavaThread "Service Thread" daemon [_thread_blocked, id=11376, stack(0x000000001b910000,0x000000001ba10000)]
  0x0000000019ae0800 JavaThread "C1 CompilerThread2" daemon [_thread_blocked, id=5068, stack(0x000000001b410000,0x000000001b510000)]
  0x0000000019adb800 JavaThread "C2 CompilerThread1" daemon [_thread_blocked, id=10456, stack(0x000000001b310000,0x000000001b410000)]
=>0x0000000019ad7000 JavaThread "C2 CompilerThread0" daemon [_thread_in_native, id=17560, stack(0x000000001b210000,0x000000001b310000)]
  0x0000000019ad5000 JavaThread "Attach Listener" daemon [_thread_blocked, id=19908, stack(0x000000001b110000,0x000000001b210000)]
  0x0000000019ad4000 JavaThread "Signal Dispatcher" daemon [_thread_blocked, id=18268, stack(0x000000001b010000,0x000000001b110000)]
  0x0000000004fdb800 JavaThread "Finalizer" daemon [_thread_blocked, id=14588, stack(0x000000001ad20000,0x000000001ae20000)]
  0x0000000004fd2000 JavaThread "Reference Handler" daemon [_thread_blocked, id=21616, stack(0x000000001ac20000,0x000000001ad20000)]

Other Threads:
  0x0000000019a97800 VMThread [stack: 0x000000001ab20000,0x000000001ac20000] [id=18568]
  0x0000000019b2e800 WatcherThread [stack: 0x000000001ba10000,0x000000001bb10000] [id=18456]

VM state:not at safepoint (normal execution)

VM Mutex/Monitor currently owned by a thread: None

Heap:
 PSYoungGen      total 37888K, used 7076K [0x00000000d6000000, 0x00000000d8a00000, 0x0000000100000000)
  eden space 32768K, 21% used [0x00000000d6000000,0x00000000d66e9058,0x00000000d8000000)
  from space 5120K, 0% used [0x00000000d8500000,0x00000000d8500000,0x00000000d8a00000)
  to   space 5120K, 0% used [0x00000000d8000000,0x00000000d8000000,0x00000000d8500000)
 ParOldGen       total 86016K, used 27323K [0x0000000082000000, 0x0000000087400000, 0x00000000d6000000)
  object space 86016K, 31% used [0x0000000082000000,0x0000000083aaee58,0x0000000087400000)
 Metaspace       used 15768K, capacity 16066K, committed 16256K, reserved 1062912K
  class space    used 2041K, capacity 2143K, committed 2176K, reserved 1048576K

Card table byte_map: [0x00000000143a0000,0x00000000147a0000] byte_map_base: 0x0000000013f90000

Marking Bits: (ParMarkBitMap*) 0x000000006c473e30
 Begin Bits: [0x0000000014e40000, 0x0000000016dc0000)
 End Bits:   [0x0000000016dc0000, 0x0000000018d40000)

Polling page: 0x0000000000b90000

CodeCache: size=245760Kb used=5836Kb max_used=5847Kb free=239923Kb
 bounds [0x0000000004fe0000, 0x00000000055a0000, 0x0000000013fe0000]
 total_blobs=2328 nmethods=1810 adapters=429
 compilation: enabled

Compilation events (10 events):
Event: 14.626 Thread 0x0000000019ae0800 1810       3       java.util.Arrays::sort (37 bytes)
Event: 14.627 Thread 0x0000000019ae0800 nmethod 1810 0x0000000005595b10 code [0x0000000005595ca0, 0x0000000005596038]
Event: 14.627 Thread 0x0000000019ae0800 1807       3       java.awt.geom.Area::<init> (40 bytes)
Event: 14.627 Thread 0x0000000019ae0800 nmethod 1807 0x00000000055961d0 code [0x0000000005596360, 0x0000000005596898]
Event: 14.627 Thread 0x0000000019ae0800 1808       1       java.awt.geom.RectIterator::getWindingRule (2 bytes)
Event: 14.627 Thread 0x0000000019adb800 1811       4       sun.awt.SunHints$Key::isCompatibleValue (18 bytes)
Event: 14.627 Thread 0x0000000019ae0800 nmethod 1808 0x0000000005596a10 code [0x0000000005596b60, 0x0000000005596c70]
Event: 14.628 Thread 0x0000000019adb800 nmethod 1811 0x0000000005599990 code [0x0000000005599ae0, 0x0000000005599b98]
Event: 14.635 Thread 0x0000000019adb800 1812       4       java.awt.geom.RectIterator::isDone (14 bytes)
Event: 14.635 Thread 0x0000000019adb800 nmethod 1812 0x0000000005563a10 code [0x0000000005563b40, 0x0000000005563bb8]

GC Heap History (6 events):
Event: 0.709 GC heap before
{Heap before GC invocations=1 (full 0):
 PSYoungGen      total 37888K, used 27241K [0x00000000d6000000, 0x00000000d8a00000, 0x0000000100000000)
  eden space 32768K, 83% used [0x00000000d6000000,0x00000000d7a9a720,0x00000000d8000000)
  from space 5120K, 0% used [0x00000000d8500000,0x00000000d8500000,0x00000000d8a00000)
  to   space 5120K, 0% used [0x00000000d8000000,0x00000000d8000000,0x00000000d8500000)
 ParOldGen       total 86016K, used 0K [0x0000000082000000, 0x0000000087400000, 0x00000000d6000000)
  object space 86016K, 0% used [0x0000000082000000,0x0000000082000000,0x0000000087400000)
 Metaspace       used 12860K, capacity 13016K, committed 13056K, reserved 1060864K
  class space    used 1708K, capacity 1774K, committed 1792K, reserved 1048576K
Event: 0.719 GC heap after
Heap after GC invocations=1 (full 0):
 PSYoungGen      total 37888K, used 2809K [0x00000000d6000000, 0x00000000d8a00000, 0x0000000100000000)
  eden space 32768K, 0% used [0x00000000d6000000,0x00000000d6000000,0x00000000d8000000)
  from space 5120K, 54% used [0x00000000d8000000,0x00000000d82be538,0x00000000d8500000)
  to   space 5120K, 0% used [0x00000000d8500000,0x00000000d8500000,0x00000000d8a00000)
 ParOldGen       total 86016K, used 24316K [0x0000000082000000, 0x0000000087400000, 0x00000000d6000000)
  object space 86016K, 28% used [0x0000000082000000,0x00000000837bf030,0x0000000087400000)
 Metaspace       used 12860K, capacity 13016K, committed 13056K, reserved 1060864K
  class space    used 1708K, capacity 1774K, committed 1792K, reserved 1048576K
}
Event: 6.150 GC heap before
{Heap before GC invocations=2 (full 0):
 PSYoungGen      total 37888K, used 35577K [0x00000000d6000000, 0x00000000d8a00000, 0x0000000100000000)
  eden space 32768K, 100% used [0x00000000d6000000,0x00000000d8000000,0x00000000d8000000)
  from space 5120K, 54% used [0x00000000d8000000,0x00000000d82be538,0x00000000d8500000)
  to   space 5120K, 0% used [0x00000000d8500000,0x00000000d8500000,0x00000000d8a00000)
 ParOldGen       total 86016K, used 24316K [0x0000000082000000, 0x0000000087400000, 0x00000000d6000000)
  object space 86016K, 28% used [0x0000000082000000,0x00000000837bf030,0x0000000087400000)
 Metaspace       used 15275K, capacity 15480K, committed 15744K, reserved 1062912K
  class space    used 2003K, capacity 2078K, committed 2176K, reserved 1048576K
Event: 6.168 GC heap after
Heap after GC invocations=2 (full 0):
 PSYoungGen      total 37888K, used 3039K [0x00000000d6000000, 0x00000000d8a00000, 0x0000000100000000)
  eden space 32768K, 0% used [0x00000000d6000000,0x00000000d6000000,0x00000000d8000000)
  from space 5120K, 59% used [0x00000000d8500000,0x00000000d87f7ec0,0x00000000d8a00000)
  to   space 5120K, 0% used [0x00000000d8000000,0x00000000d8000000,0x00000000d8500000)
 ParOldGen       total 86016K, used 64824K [0x0000000082000000, 0x0000000087400000, 0x00000000d6000000)
  object space 86016K, 75% used [0x0000000082000000,0x0000000085f4e080,0x0000000087400000)
 Metaspace       used 15275K, capacity 15480K, committed 15744K, reserved 1062912K
  class space    used 2003K, capacity 2078K, committed 2176K, reserved 1048576K
}
Event: 6.168 GC heap before
{Heap before GC invocations=3 (full 1):
 PSYoungGen      total 37888K, used 3039K [0x00000000d6000000, 0x00000000d8a00000, 0x0000000100000000)
  eden space 32768K, 0% used [0x00000000d6000000,0x00000000d6000000,0x00000000d8000000)
  from space 5120K, 59% used [0x00000000d8500000,0x00000000d87f7ec0,0x00000000d8a00000)
  to   space 5120K, 0% used [0x00000000d8000000,0x00000000d8000000,0x00000000d8500000)
 ParOldGen       total 86016K, used 64824K [0x0000000082000000, 0x0000000087400000, 0x00000000d6000000)
  object space 86016K, 75% used [0x0000000082000000,0x0000000085f4e080,0x0000000087400000)
 Metaspace       used 15275K, capacity 15480K, committed 15744K, reserved 1062912K
  class space    used 2003K, capacity 2078K, committed 2176K, reserved 1048576K
Event: 6.193 GC heap after
Heap after GC invocations=3 (full 1):
 PSYoungGen      total 37888K, used 0K [0x00000000d6000000, 0x00000000d8a00000, 0x0000000100000000)
  eden space 32768K, 0% used [0x00000000d6000000,0x00000000d6000000,0x00000000d8000000)
  from space 5120K, 0% used [0x00000000d8500000,0x00000000d8500000,0x00000000d8a00000)
  to   space 5120K, 0% used [0x00000000d8000000,0x00000000d8000000,0x00000000d8500000)
 ParOldGen       total 86016K, used 27323K [0x0000000082000000, 0x0000000087400000, 0x00000000d6000000)
  object space 86016K, 31% used [0x0000000082000000,0x0000000083aaee58,0x0000000087400000)
 Metaspace       used 15275K, capacity 15480K, committed 15744K, reserved 1062912K
  class space    used 2003K, capacity 2078K, committed 2176K, reserved 1048576K
}

Deoptimization events (10 events):
Event: 0.663 Thread 0x000000001bde5000 Uncommon trap: reason=bimorphic action=maybe_recompile pc=0x0000000005213eb4 method=java.util.Hashtable.addEntry(ILjava/lang/Object;Ljava/lang/Object;I)V @ 38
Event: 0.798 Thread 0x000000001bde5000 Uncommon trap: reason=unstable_if action=reinterpret pc=0x0000000005225b00 method=java.lang.CharacterData.of(I)Ljava/lang/CharacterData; @ 4
Event: 0.820 Thread 0x000000001bde5000 Uncommon trap: reason=bimorphic action=maybe_recompile pc=0x0000000005213eb4 method=java.util.Hashtable.addEntry(ILjava/lang/Object;Ljava/lang/Object;I)V @ 38
Event: 6.068 Thread 0x000000001bde5000 Uncommon trap: reason=class_check action=maybe_recompile pc=0x000000000523e51c method=java.util.HashMap.getNode(ILjava/lang/Object;)Ljava/util/HashMap$Node; @ 126
Event: 6.076 Thread 0x000000001bde5000 Uncommon trap: reason=class_check action=maybe_recompile pc=0x000000000523e51c method=java.util.HashMap.getNode(ILjava/lang/Object;)Ljava/util/HashMap$Node; @ 126
Event: 6.077 Thread 0x000000001bde5000 Uncommon trap: reason=class_check action=maybe_recompile pc=0x000000000523e51c method=java.util.HashMap.getNode(ILjava/lang/Object;)Ljava/util/HashMap$Node; @ 126
Event: 6.077 Thread 0x000000001bde5000 Uncommon trap: reason=class_check action=maybe_recompile pc=0x000000000523e51c method=java.util.HashMap.getNode(ILjava/lang/Object;)Ljava/util/HashMap$Node; @ 126
Event: 6.077 Thread 0x000000001bde5000 Uncommon trap: reason=class_check action=maybe_recompile pc=0x00000000052269b4 method=java.util.HashMap.getNode(ILjava/lang/Object;)Ljava/util/HashMap$Node; @ 126
Event: 6.307 Thread 0x000000001bde5000 Uncommon trap: reason=null_check action=make_not_entrant pc=0x000000000530d39c method=sun.java2d.pipe.AlphaPaintPipe.renderPathTile(Ljava/lang/Object;[BIIIIII)V @ 57
Event: 12.516 Thread 0x000000001bde5000 Uncommon trap: reason=unstable_if action=reinterpret pc=0x000000000544852c method=java.awt.Container.findComponentAtImpl(IIZ)Ljava/awt/Component; @ 24

Classes redefined (0 events):
No events

Internal exceptions (10 events):
Event: 0.115 Thread 0x0000000004ee2800 Exception <a 'java/security/PrivilegedActionException'> (0x00000000d614d130) thrown at [C:\re\workspace\8-2-build-windows-amd64-cygwin\jdk8u191\11896\hotspot\src\share\vm\prims\jvm.cpp, line 1435]
Event: 0.115 Thread 0x0000000004ee2800 Exception <a 'java/security/PrivilegedActionException'> (0x00000000d614d340) thrown at [C:\re\workspace\8-2-build-windows-amd64-cygwin\jdk8u191\11896\hotspot\src\share\vm\prims\jvm.cpp, line 1435]
Event: 0.116 Thread 0x0000000004ee2800 Exception <a 'java/security/PrivilegedActionException'> (0x00000000d6151250) thrown at [C:\re\workspace\8-2-build-windows-amd64-cygwin\jdk8u191\11896\hotspot\src\share\vm\prims\jvm.cpp, line 1435]
Event: 0.116 Thread 0x0000000004ee2800 Exception <a 'java/security/PrivilegedActionException'> (0x00000000d6151460) thrown at [C:\re\workspace\8-2-build-windows-amd64-cygwin\jdk8u191\11896\hotspot\src\share\vm\prims\jvm.cpp, line 1435]
Event: 0.120 Thread 0x0000000004ee2800 Exception <a 'java/io/FileNotFoundException'> (0x00000000d61533a0) thrown at [C:\re\workspace\8-2-build-windows-amd64-cygwin\jdk8u191\11896\hotspot\src\share\vm\prims\jni.cpp, line 709]
Event: 0.162 Thread 0x0000000004ee2800 Exception <a 'java/lang/NoSuchFieldError': method resolution failed> (0x00000000d6224898) thrown at [C:\re\workspace\8-2-build-windows-amd64-cygwin\jdk8u191\11896\hotspot\src\share\vm\prims\methodHandles.cpp, line 1167]
Event: 0.164 Thread 0x0000000004ee2800 Exception <a 'java/lang/NoSuchFieldError': method resolution failed> (0x00000000d6231be8) thrown at [C:\re\workspace\8-2-build-windows-amd64-cygwin\jdk8u191\11896\hotspot\src\share\vm\prims\methodHandles.cpp, line 1167]
Event: 0.242 Thread 0x0000000004ee2800 Exception <a 'java/io/FileNotFoundException'> (0x00000000d631a450) thrown at [C:\re\workspace\8-2-build-windows-amd64-cygwin\jdk8u191\11896\hotspot\src\share\vm\prims\jni.cpp, line 709]
Event: 0.260 Thread 0x0000000004ee2800 Exception <a 'java/io/FileNotFoundException'> (0x00000000d6422640) thrown at [C:\re\workspace\8-2-build-windows-amd64-cygwin\jdk8u191\11896\hotspot\src\share\vm\prims\jni.cpp, line 709]
Event: 6.307 Thread 0x000000001bde5000 Implicit null exception at 0x000000000530a4bc to 0x000000000530d369

Events (10 events):
Event: 13.995 Executing VM operation: RevokeBias
Event: 13.995 Executing VM operation: RevokeBias done
Event: 13.995 Executing VM operation: RevokeBias
Event: 13.995 Executing VM operation: RevokeBias done
Event: 13.995 Executing VM operation: RevokeBias
Event: 13.995 Executing VM operation: RevokeBias done
Event: 14.581 loading class java/awt/KeyboardFocusManager$2
Event: 14.581 loading class java/awt/KeyboardFocusManager$2 done
Event: 14.581 loading class sun/awt/SunToolkit$1
Event: 14.582 loading class sun/awt/SunToolkit$1 done


Dynamic libraries:
0x00007ff602640000 - 0x00007ff602677000 	C:\Program Files\Java\jdk1.8.0_191\bin\java.exe
0x00007ff8806b0000 - 0x00007ff880890000 	C:\Windows\SYSTEM32\ntdll.dll
0x00007ff87e000000 - 0x00007ff87e0ae000 	C:\Windows\System32\KERNEL32.DLL
0x00007ff87d6a0000 - 0x00007ff87d906000 	C:\Windows\System32\KERNELBASE.dll
0x00007ff87e160000 - 0x00007ff87e201000 	C:\Windows\System32\ADVAPI32.dll
0x00007ff87ea20000 - 0x00007ff87eabd000 	C:\Windows\System32\msvcrt.dll
0x00007ff87e6e0000 - 0x00007ff87e73b000 	C:\Windows\System32\sechost.dll
0x00007ff87ed50000 - 0x00007ff87ee6f000 	C:\Windows\System32\RPCRT4.dll
0x00007ff880450000 - 0x00007ff8805df000 	C:\Windows\System32\USER32.dll
0x00007ff87cbb0000 - 0x00007ff87cbd0000 	C:\Windows\System32\win32u.dll
0x00007ff87eaf0000 - 0x00007ff87eb18000 	C:\Windows\System32\GDI32.dll
0x00007ff87d990000 - 0x00007ff87db23000 	C:\Windows\System32\gdi32full.dll
0x00007ff87d3d0000 - 0x00007ff87d46b000 	C:\Windows\System32\msvcp_win.dll
0x00007ff87cab0000 - 0x00007ff87cba5000 	C:\Windows\System32\ucrtbase.dll
0x00007ff873f70000 - 0x00007ff8741d9000 	C:\Windows\WinSxS\amd64_microsoft.windows.common-controls_6595b64144ccf1df_6.0.16299.785_none_15cbda149361fcd9\COMCTL32.dll
0x00007ff87dbe0000 - 0x00007ff87dee6000 	C:\Windows\System32\combase.dll
0x00007ff87d910000 - 0x00007ff87d982000 	C:\Windows\System32\bcryptPrimitives.dll
0x00007ff87eac0000 - 0x00007ff87eaed000 	C:\Windows\System32\IMM32.DLL
0x000000006def0000 - 0x000000006dfc2000 	C:\Program Files\Java\jdk1.8.0_191\jre\bin\msvcr100.dll
0x000000006bc50000 - 0x000000006c4f4000 	C:\Program Files\Java\jdk1.8.0_191\jre\bin\server\jvm.dll
0x00007ff8803e0000 - 0x00007ff8803e8000 	C:\Windows\System32\PSAPI.DLL
0x00007ff86d0c0000 - 0x00007ff86d0e3000 	C:\Windows\SYSTEM32\WINMM.dll
0x00007ff860720000 - 0x00007ff860729000 	C:\Windows\SYSTEM32\WSOCK32.dll
0x00007ff87e670000 - 0x00007ff87e6dc000 	C:\Windows\System32\WS2_32.dll
0x00007ff8767a0000 - 0x00007ff8767aa000 	C:\Windows\SYSTEM32\VERSION.dll
0x00007ff86cf00000 - 0x00007ff86cf2a000 	C:\Windows\SYSTEM32\winmmbase.dll
0x00007ff87db30000 - 0x00007ff87db7a000 	C:\Windows\System32\cfgmgr32.dll
0x000000006dea0000 - 0x000000006deaf000 	C:\Program Files\Java\jdk1.8.0_191\jre\bin\verify.dll
0x000000006de70000 - 0x000000006de99000 	C:\Program Files\Java\jdk1.8.0_191\jre\bin\java.dll
0x000000006de50000 - 0x000000006de66000 	C:\Program Files\Java\jdk1.8.0_191\jre\bin\zip.dll
0x00007ff87ee70000 - 0x00007ff8802a8000 	C:\Windows\System32\SHELL32.dll
0x00007ff87e0b0000 - 0x00007ff87e156000 	C:\Windows\System32\shcore.dll
0x00007ff87cc80000 - 0x00007ff87d3c7000 	C:\Windows\System32\windows.storage.dll
0x00007ff8803f0000 - 0x00007ff880441000 	C:\Windows\System32\shlwapi.dll
0x00007ff87ca90000 - 0x00007ff87caa1000 	C:\Windows\System32\kernel.appcore.dll
0x00007ff87ca00000 - 0x00007ff87ca4c000 	C:\Windows\System32\powrprof.dll
0x00007ff87ca70000 - 0x00007ff87ca8b000 	C:\Windows\System32\profapi.dll
0x000000006bab0000 - 0x000000006bc49000 	C:\Program Files\Java\jdk1.8.0_191\jre\bin\awt.dll
0x00007ff880310000 - 0x00007ff8803d5000 	C:\Windows\System32\OLEAUT32.dll
0x00007ff87a970000 - 0x00007ff87a9f8000 	C:\Windows\SYSTEM32\apphelp.dll
0x00007ff87abb0000 - 0x00007ff87ac45000 	C:\Windows\system32\uxtheme.dll
0x00007ff87e8b0000 - 0x00007ff87ea17000 	C:\Windows\System32\MSCTF.dll
0x00007ff87ae70000 - 0x00007ff87ae9a000 	C:\Windows\system32\dwmapi.dll
0x00007ff87e760000 - 0x00007ff87e8a9000 	C:\Windows\System32\ole32.dll
0x00007ff8438d0000 - 0x00007ff8439ee000 	C:\Windows\system32\opengl32.dll
0x00007ff844190000 - 0x00007ff8441bc000 	C:\Windows\SYSTEM32\GLU32.dll
0x000000006ba70000 - 0x000000006baa1000 	C:\Program Files\Java\jdk1.8.0_191\jre\bin\jpeg.dll
0x000000006ddc0000 - 0x000000006de07000 	C:\Program Files\Java\jdk1.8.0_191\jre\bin\fontmanager.dll
0x000000006de30000 - 0x000000006de4a000 	C:\Program Files\Java\jdk1.8.0_191\jre\bin\net.dll
0x00007ff87c290000 - 0x00007ff87c2f6000 	C:\Windows\system32\mswsock.dll
0x000000006de10000 - 0x000000006de21000 	C:\Program Files\Java\jdk1.8.0_191\jre\bin\nio.dll
0x000000006dd70000 - 0x000000006ddb2000 	C:\Program Files\Java\jdk1.8.0_191\jre\bin\t2k.dll
0x00007ff853f40000 - 0x00007ff853fd8000 	C:\Windows\System32\TextInputFramework.dll
0x00007ff87a2a0000 - 0x00007ff87a37c000 	C:\Windows\System32\CoreMessaging.dll
0x00007ff853c50000 - 0x00007ff853f3e000 	C:\Windows\System32\CoreUIComponents.dll
0x00007ff87bc40000 - 0x00007ff87bc71000 	C:\Windows\SYSTEM32\ntmarta.dll
0x00007ff878fa0000 - 0x00007ff8790d6000 	C:\Windows\SYSTEM32\wintypes.dll
0x000000006dd30000 - 0x000000006dd5a000 	C:\Program Files\Java\jdk1.8.0_191\jre\bin\dcpr.dll
0x00007ff8805e0000 - 0x00007ff88067e000 	C:\Windows\System32\clbcatq.dll
0x00007ff853aa0000 - 0x00007ff853c4c000 	C:\Windows\SYSTEM32\WindowsCodecs.dll
0x00007ff8440e0000 - 0x00007ff84412f000 	C:\Windows\system32\dataexchange.dll
0x00007ff879fb0000 - 0x00007ff87a292000 	C:\Windows\system32\d3d11.dll
0x00007ff87a3c0000 - 0x00007ff87a502000 	C:\Windows\system32\dcomp.dll
0x00007ff87b860000 - 0x00007ff87b90f000 	C:\Windows\system32\dxgi.dll
0x00007ff87af80000 - 0x00007ff87b0fb000 	C:\Windows\system32\twinapi.appcore.dll
0x00007ff87af60000 - 0x00007ff87af80000 	C:\Windows\system32\RMCLIENT.dll
0x00007ff87c560000 - 0x00007ff87c585000 	C:\Windows\system32\bcrypt.dll

VM Arguments:
jvm_args: -Dfile.encoding=UTF-8 
java_command: myclassasist.main
java_class_path (initial): C:\Program Files\NetBeans 8.2\java\modules\ext\AbsoluteLayout.jar;C:\Users\Chiran\Downloads\JTattoo-1.6.11.jar;D:\MyclassAssistant\mysql-connector-java-5.1.45-bin.jar;D:\MyclassAssistant\DateChooser.jar;D:\MyclassAssistant\MyclassAsist\build\classes
Launcher Type: SUN_STANDARD

Environment Variables:
PATH=C:\Program Files (x86)\Intel\iCLS Client\;C:\Program Files\Intel\iCLS Client\;C:\Program Files\Microsoft MPI\Bin\;C:\ProgramData\Boxstarter;C:\Program Files (x86)\Common Files\Oracle\Java\javapath;C:\Windows\system32;C:\Windows;C:\Windows\System32\Wbem;C:\Windows\System32\WindowsPowerShell\v1.0\;C:\Program Files (x86)\Java\jdk1.8.0_191\bin;C:\Program Files (x86)\NVIDIA Corporation\PhysX\Common;C:\Program Files\Java\jdk1.8.0_191\bin;C:\Program Files\nodejs\;C:\ProgramData\chocolatey\bin;C:\Program Files\Common Files\Autodesk Shared\;C:\Program Files (x86)\Autodesk\Backburner\;C:\Program Files (x86)\Microsoft SQL Server\140\Tools\Binn\;D:\Microsoft SQL Server\140\Tools\Binn\;C:\Program Files (x86)\Microsoft SQL Server\140\DTS\Binn\;D:\Microsoft SQL Server\140\DTS\Binn\;D:\Microsoft SQL Server\Client SDK\ODBC\130\Tools\Binn\;C:\Program Files\Git\cmd;C:\Program Files (x86)\Microsoft SQL Server\Client SDK\ODBC\130\Tools\Binn\;C:\Program Files (x86)\Microsoft SQL Server\140\Tools\Binn\ManagementStudio\;C:\Program Files (x86)\Intel\Intel(R) Management Engine Components\DAL;C:\Program Files\Intel\Intel(R) Management Engine Components\DAL;C:\Program Files (x86)\Intel\Intel(R) Management Engine Components\IPT;C:\Program Files\Intel\Intel(R) Management Engine Components\IPT;C:\Program Files\Intel\WiFi\bin\;C:\Program Files\Common Files\Intel\WirelessCommon\;C:\Users\Chiran\AppData\Local\Microsoft\WindowsApps;C:\Program Files\Heroku\bin;C:\Users\Chiran\AppData\Roaming\npm;C:\Users\Chiran\AppData\Local\Programs\Microsoft VS Code\bin;C:\Users\Chiran\AppData\Local\GitHubDesktop\bin;C:\Program Files\Intel\WiFi\bin\;C:\Program Files\Common Files\Intel\WirelessCommon\
USERNAME=Chiran
OS=Windows_NT
PROCESSOR_IDENTIFIER=Intel64 Family 6 Model 142 Stepping 9, GenuineIntel



---------------  S Y S T E M  ---------------

OS: Windows 10.0 , 64 bit Build 16299 (10.0.16299.431)

CPU:total 4 (initial active 4) (2 cores per cpu, 2 threads per core) family 6 model 142 stepping 9, cmov, cx8, fxsr, mmx, sse, sse2, sse3, ssse3, sse4.1, sse4.2, popcnt, avx, avx2, aes, clmul, erms, 3dnowpref, lzcnt, ht, tsc, tscinvbit, bmi1, bmi2, adx

Memory: 4k page, physical 8253668k(557252k free), swap 22833760k(9396k free)

vm_info: Java HotSpot(TM) 64-Bit Server VM (25.191-b12) for windows-amd64 JRE (1.8.0_191-b12), built on Oct  6 2018 09:29:03 by "java_re" with MS VC++ 10.0 (VS2010)

time: Mon Dec 10 23:09:57 2018
elapsed time: 14 seconds (0d 0h 0m 14s)

