#
# There is insufficient memory for the Java Runtime Environment to continue.
# Native memory allocation (malloc) failed to allocate 1048576 bytes for AllocateHeap
# Possible reasons:
#   The system is out of physical RAM or swap space
#   In 32 bit mode, the process size limit was hit
# Possible solutions:
#   Reduce memory load on the system
#   Increase physical memory or swap space
#   Check if swap backing store is full
#   Use 64 bit Java on a 64 bit OS
#   Decrease Java heap size (-Xmx/-Xms)
#   Decrease number of Java threads
#   Decrease Java thread stack sizes (-Xss)
#   Set larger code cache with -XX:ReservedCodeCacheSize=
# This output file may be truncated or incomplete.
#
#  Out of Memory Error (memory/allocation.inline.hpp:61), pid=3116, tid=0x000000000000119c
#
# JRE version:  (8.0_191-b12) (build )
# Java VM: Java HotSpot(TM) 64-Bit Server VM (25.191-b12 mixed mode windows-amd64 compressed oops)
# Failed to write core dump. Minidumps are not enabled by default on client versions of Windows
#

---------------  T H R E A D  ---------------

Current thread (0x0000000004e82800):  JavaThread "Unknown thread" [_thread_in_vm, id=4508, stack(0x0000000004d50000,0x0000000004e50000)]

Stack: [0x0000000004d50000,0x0000000004e50000]
[error occurred during error reporting (printing stack bounds), id 0xc0000005]

Native frames: (J=compiled Java code, j=interpreted, Vv=VM code, C=native code)


---------------  P R O C E S S  ---------------

Java Threads: ( => current thread )

Other Threads:

=>0x0000000004e82800 (exited) JavaThread "Unknown thread" [_thread_in_vm, id=4508, stack(0x0000000004d50000,0x0000000004e50000)]

VM state:not at safepoint (normal execution)

VM Mutex/Monitor currently owned by a thread: None

Heap:
 PSYoungGen      total 37888K, used 655K [0x00000000d6000000, 0x00000000d8a00000, 0x0000000100000000)
  eden space 32768K, 2% used [0x00000000d6000000,0x00000000d60a3d80,0x00000000d8000000)
  from space 5120K, 0% used [0x00000000d8500000,0x00000000d8500000,0x00000000d8a00000)
  to   space 5120K, 0% used [0x00000000d8000000,0x00000000d8000000,0x00000000d8500000)
 ParOldGen       total 86016K, used 0K [0x0000000082000000, 0x0000000087400000, 0x00000000d6000000)
  object space 86016K, 0% used [0x0000000082000000,0x0000000082000000,0x0000000087400000)
 Metaspace       used 775K, capacity 4480K, committed 4480K, reserved 1056768K
  class space    used 76K, capacity 384K, committed 384K, reserved 1048576K

Card table byte_map: [0x0000000014350000,0x0000000014750000] byte_map_base: 0x0000000013f40000

Marking Bits: (ParMarkBitMap*) 0x000000006c473e30
 Begin Bits: [0x0000000014df0000, 0x0000000016d70000)
 End Bits:   [0x0000000016d70000, 0x0000000018cf0000)

Polling page: 0x0000000004e50000

CodeCache: size=245760Kb used=328Kb max_used=328Kb free=245431Kb
 bounds [0x0000000004f90000, 0x0000000005200000, 0x0000000013f90000]
 total_blobs=58 nmethods=0 adapters=38
 compilation: enabled

Compilation events (0 events):
No events

GC Heap History (0 events):
No events

Deoptimization events (0 events):
No events

Classes redefined (0 events):
No events

Internal exceptions (0 events):
No events

Events (10 events):
Event: 0.031 loading class java/lang/Short
Event: 0.031 loading class java/lang/Short done
Event: 0.031 loading class java/lang/Integer
Event: 0.031 loading class java/lang/Integer done
Event: 0.031 loading class java/lang/Long
Event: 0.031 loading class java/lang/Long done
Event: 0.031 loading class java/lang/NullPointerException
Event: 0.031 loading class java/lang/NullPointerException done
Event: 0.031 loading class java/lang/ArithmeticException
Event: 0.031 loading class java/lang/ArithmeticException done


Dynamic libraries:
0x00007ff602640000 - 0x00007ff602677000 	C:\Program Files\Java\jdk1.8.0_191\bin\java.exe
0x00007ff8806b0000 - 0x00007ff880890000 	C:\Windows\SYSTEM32\ntdll.dll
0x00007ff87e000000 - 0x00007ff87e0ae000 	C:\Windows\System32\KERNEL32.DLL
0x00007ff87d6a0000 - 0x00007ff87d906000 	C:\Windows\System32\KERNELBASE.dll
0x00007ff87e160000 - 0x00007ff87e201000 	C:\Windows\System32\ADVAPI32.dll
0x00007ff87ea20000 - 0x00007ff87eabd000 	C:\Windows\System32\msvcrt.dll
0x00007ff87e6e0000 - 0x00007ff87e73b000 	C:\Windows\System32\sechost.dll
0x00007ff87ed50000 - 0x00007ff87ee6f000 	C:\Windows\System32\RPCRT4.dll
0x00007ff880450000 - 0x00007ff8805df000 	C:\Windows\System32\USER32.dll
0x00007ff87cbb0000 - 0x00007ff87cbd0000 	C:\Windows\System32\win32u.dll
0x00007ff87eaf0000 - 0x00007ff87eb18000 	C:\Windows\System32\GDI32.dll
0x00007ff87d990000 - 0x00007ff87db23000 	C:\Windows\System32\gdi32full.dll
0x00007ff87d3d0000 - 0x00007ff87d46b000 	C:\Windows\System32\msvcp_win.dll
0x00007ff87cab0000 - 0x00007ff87cba5000 	C:\Windows\System32\ucrtbase.dll
0x00007ff873f70000 - 0x00007ff8741d9000 	C:\Windows\WinSxS\amd64_microsoft.windows.common-controls_6595b64144ccf1df_6.0.16299.785_none_15cbda149361fcd9\COMCTL32.dll
0x00007ff87dbe0000 - 0x00007ff87dee6000 	C:\Windows\System32\combase.dll
0x00007ff87d910000 - 0x00007ff87d982000 	C:\Windows\System32\bcryptPrimitives.dll
0x00007ff87eac0000 - 0x00007ff87eaed000 	C:\Windows\System32\IMM32.DLL
0x000000006def0000 - 0x000000006dfc2000 	C:\Program Files\Java\jdk1.8.0_191\jre\bin\msvcr100.dll
0x000000006bc50000 - 0x000000006c4f4000 	C:\Program Files\Java\jdk1.8.0_191\jre\bin\server\jvm.dll
0x00007ff8803e0000 - 0x00007ff8803e8000 	C:\Windows\System32\PSAPI.DLL
0x00007ff860720000 - 0x00007ff860729000 	C:\Windows\SYSTEM32\WSOCK32.dll
0x00007ff87e670000 - 0x00007ff87e6dc000 	C:\Windows\System32\WS2_32.dll
0x00007ff8767a0000 - 0x00007ff8767aa000 	C:\Windows\SYSTEM32\VERSION.dll
0x00007ff86d0c0000 - 0x00007ff86d0e3000 	C:\Windows\SYSTEM32\WINMM.dll
0x00007ff86cf00000 - 0x00007ff86cf2a000 	C:\Windows\SYSTEM32\WINMMBASE.dll
0x00007ff87db30000 - 0x00007ff87db7a000 	C:\Windows\System32\cfgmgr32.dll
0x000000006dea0000 - 0x000000006deaf000 	C:\Program Files\Java\jdk1.8.0_191\jre\bin\verify.dll
0x000000006de70000 - 0x000000006de99000 	C:\Program Files\Java\jdk1.8.0_191\jre\bin\java.dll
0x000000006de50000 - 0x000000006de66000 	C:\Program Files\Java\jdk1.8.0_191\jre\bin\zip.dll

VM Arguments:
jvm_args: -Dfile.encoding=UTF-8 
java_command: myclassasist.staff_reg
java_class_path (initial): C:\Program Files\NetBeans 8.2\java\modules\ext\AbsoluteLayout.jar;C:\Users\Chiran\Downloads\JTattoo-1.6.11.jar;D:\MyclassAssistant\mysql-connector-java-5.1.45-bin.jar;D:\MyclassAssistant\DateChooser.jar;D:\MyclassAssistant\MyclassAsist\build\classes
Launcher Type: SUN_STANDARD

Environment Variables:
PATH=C:\Program Files (x86)\Intel\iCLS Client\;C:\Program Files\Intel\iCLS Client\;C:\Program Files\Microsoft MPI\Bin\;C:\ProgramData\Boxstarter;C:\Program Files (x86)\Common Files\Oracle\Java\javapath;C:\Windows\system32;C:\Windows;C:\Windows\System32\Wbem;C:\Windows\System32\WindowsPowerShell\v1.0\;C:\Program Files (x86)\Java\jdk1.8.0_191\bin;C:\Program Files (x86)\NVIDIA Corporation\PhysX\Common;C:\Program Files\Java\jdk1.8.0_191\bin;C:\Program Files\nodejs\;C:\ProgramData\chocolatey\bin;C:\Program Files\Common Files\Autodesk Shared\;C:\Program Files (x86)\Autodesk\Backburner\;C:\Program Files (x86)\Microsoft SQL Server\140\Tools\Binn\;D:\Microsoft SQL Server\140\Tools\Binn\;C:\Program Files (x86)\Microsoft SQL Server\140\DTS\Binn\;D:\Microsoft SQL Server\140\DTS\Binn\;D:\Microsoft SQL Server\Client SDK\ODBC\130\Tools\Binn\;C:\Program Files\Git\cmd;C:\Program Files (x86)\Microsoft SQL Server\Client SDK\ODBC\130\Tools\Binn\;C:\Program Files (x86)\Microsoft SQL Server\140\Tools\Binn\ManagementStudio\;C:\Program Files (x86)\Intel\Intel(R) Management Engine Components\DAL;C:\Program Files\Intel\Intel(R) Management Engine Components\DAL;C:\Program Files (x86)\Intel\Intel(R) Management Engine Components\IPT;C:\Program Files\Intel\Intel(R) Management Engine Components\IPT;C:\Program Files\Intel\WiFi\bin\;C:\Program Files\Common Files\Intel\WirelessCommon\;C:\Users\Chiran\AppData\Local\Microsoft\WindowsApps;C:\Program Files\Heroku\bin;C:\Users\Chiran\AppData\Roaming\npm;C:\Users\Chiran\AppData\Local\Programs\Microsoft VS Code\bin;C:\Users\Chiran\AppData\Local\GitHubDesktop\bin;C:\Program Files\Intel\WiFi\bin\;C:\Program Files\Common Files\Intel\WirelessCommon\
USERNAME=Chiran
OS=Windows_NT
PROCESSOR_IDENTIFIER=Intel64 Family 6 Model 142 Stepping 9, GenuineIntel



---------------  S Y S T E M  ---------------

OS: Windows 10.0 , 64 bit Build 16299 (10.0.16299.431)

CPU:total 4 (initial active 4) (2 cores per cpu, 2 threads per core) family 6 model 142 stepping 9, cmov, cx8, fxsr, mmx, sse, sse2, sse3, ssse3, sse4.1, sse4.2, popcnt, avx, avx2, aes, clmul, erms, 3dnowpref, lzcnt, ht, tsc, tscinvbit, bmi1, bmi2, adx

Memory: 4k page, physical 8253668k(665352k free), swap 22833760k(5948k free)

vm_info: Java HotSpot(TM) 64-Bit Server VM (25.191-b12) for windows-amd64 JRE (1.8.0_191-b12), built on Oct  6 2018 09:29:03 by "java_re" with MS VC++ 10.0 (VS2010)

time: Mon Dec 10 23:09:13 2018
elapsed time: 0 seconds (0d 0h 0m 0s)

